
> ai@2.1.9 build C:\Users\James\Desktop\Development\GPT Writer\AI Repo\ai\packages\core
> tsup

[34mCLI[39m Building entry: streams/index.ts
[34mCLI[39m Using tsconfig: tsconfig.json
[34mCLI[39m tsup v6.7.0
[34mCLI[39m Using tsup config: C:\Users\James\Desktop\Development\GPT Writer\AI Repo\ai\packages\core\tsup.config.ts
[34mCLI[39m Building entry: react/index.ts
[34mCLI[39m Using tsconfig: tsconfig.json
[34mCLI[39m tsup v6.7.0
[34mCLI[39m Using tsup config: C:\Users\James\Desktop\Development\GPT Writer\AI Repo\ai\packages\core\tsup.config.ts
[34mCLI[39m Building entry: svelte/index.ts
[34mCLI[39m Using tsconfig: tsconfig.json
[34mCLI[39m tsup v6.7.0
[34mCLI[39m Using tsup config: C:\Users\James\Desktop\Development\GPT Writer\AI Repo\ai\packages\core\tsup.config.ts
[34mCLI[39m Building entry: vue/index.ts
[34mCLI[39m Using tsconfig: tsconfig.json
[34mCLI[39m tsup v6.7.0
[34mCLI[39m Using tsup config: C:\Users\James\Desktop\Development\GPT Writer\AI Repo\ai\packages\core\tsup.config.ts
[34mCLI[39m Target: es6
[34mCJS[39m Build start
[34mESM[39m Build start
[34mCLI[39m Target: es6
[34mCJS[39m Build start
[34mESM[39m Build start
[34mCLI[39m Target: es6
[34mCJS[39m Build start
[34mESM[39m Build start
[34mCLI[39m Target: es6
[34mCJS[39m Build start
[34mESM[39m Build start
[32mCJS[39m [1mdist\index.js [22m[32m9.27 KB[39m
[32mCJS[39m ⚡️ Build success in 176ms
[32mCJS[39m [1mreact\dist\index.js [22m[32m13.66 KB[39m
[32mCJS[39m ⚡️ Build success in 167ms
[32mESM[39m [1mreact\dist\index.mjs [22m[32m11.58 KB[39m
[32mESM[39m ⚡️ Build success in 180ms
[32mCJS[39m [1mvue\dist\index.js [22m[32m10.98 KB[39m
[32mCJS[39m ⚡️ Build success in 241ms
[32mESM[39m [1mvue\dist\index.mjs [22m[32m9.25 KB[39m
[32mESM[39m ⚡️ Build success in 283ms
[32mESM[39m [1mdist\index.mjs [22m[32m7.83 KB[39m
[32mESM[39m ⚡️ Build success in 360ms
[32mCJS[39m [1msvelte\dist\index.js [22m[32m23.29 KB[39m
[32mCJS[39m ⚡️ Build success in 408ms
[32mESM[39m [1msvelte\dist\index.mjs [22m[32m22.12 KB[39m
[32mESM[39m ⚡️ Build success in 410ms
[34mDTS[39m Build start
[34mDTS[39m Build start
[34mDTS[39m Build start
[34mDTS[39m Build start
[32mDTS[39m ⚡️ Build success in 7768ms
[32mDTS[39m [1mdist\index.d.ts [22m[32m8.42 KB[39m
[32mDTS[39m ⚡️ Build success in 7912ms
[32mDTS[39m [1mreact\dist\index.d.ts [22m[32m7.56 KB[39m
[32mDTS[39m ⚡️ Build success in 8135ms
[32mDTS[39m [1msvelte\dist\index.d.ts [22m[32m6.46 KB[39m
[32mDTS[39m ⚡️ Build success in 8171ms
[32mDTS[39m [1mvue\dist\index.d.ts [22m[32m6.40 KB[39m
